2020-05-20T22:47:47.319750: msg[ets9693]:'Redditor' object has no attribute 'id'
2020-05-20T22:49:49.198867: msg[ed62lzo]:'Redditor' object has no attribute 'id'
2020-05-20T22:51:12.737080: msg[e1a3iot]:'Redditor' object has no attribute 'id'
2020-05-20T22:51:58.000768: msg[eb75fse]:'Redditor' object has no attribute 'id'
2020-05-20T22:53:48.156396: msg[dwzmszo]:'Redditor' object has no attribute 'id'
2020-05-20T22:54:15.908606: msg[et5gcr8]:'Redditor' object has no attribute 'id'
2020-05-20T22:56:38.909985: msg[e4n3hxp]:'Redditor' object has no attribute 'id'
2020-05-20T22:56:43.101897: msg[e4mrpcl]:'Redditor' object has no attribute 'id'
2020-05-21T06:58:47.293115: msg[ets9693]:'Redditor' object has no attribute 'id'
2020-05-21T06:59:24.004567: msg[ed62lzo]:'Redditor' object has no attribute 'id'
2020-05-21T06:59:35.845290: msg[e1a3iot]:'Redditor' object has no attribute 'id'
2020-05-21T06:59:43.052922: msg[eb75fse]:'Redditor' object has no attribute 'id'
2020-05-21T06:59:59.410995: msg[dwzmszo]:'Redditor' object has no attribute 'id'
2020-05-21T07:00:23.093045: msg[et5gcr8]:'Redditor' object has no attribute 'id'
2020-05-21T07:02:46.074767: msg[e4n3hxp]:'Redditor' object has no attribute 'id'
2020-05-21T07:02:50.065898: msg[e4mrpcl]:'Redditor' object has no attribute 'id'
2020-05-21T07:04:33.901633: msg[e8q4dr8]:'Redditor' object has no attribute 'id'
2020-05-21T07:06:38.782138: msg[f9vcofv]:'Redditor' object has no attribute 'id'
2020-05-21T07:08:57.829918: msg[e89qfu8]:'Redditor' object has no attribute 'id'
2020-05-21T07:13:35.905180: msg[exijw6a]:'Redditor' object has no attribute 'id'
2020-05-21T07:13:41.004214: msg[exjs40c]:'Redditor' object has no attribute 'id'
2020-05-21T07:16:59.099224: msg[fc0ne85]:'Redditor' object has no attribute 'id'
2020-05-21T07:18:29.071784: msg[eb48l93]:'Redditor' object has no attribute 'id'
2020-05-21T07:19:38.133712: msg[dldv8c4]:'Redditor' object has no attribute 'id'
2020-05-21T07:20:43.131871: msg[fk2wkef]:'Redditor' object has no attribute 'id'
2020-05-21T07:21:17.914583: msg[ev7f1zm]:'Redditor' object has no attribute 'id'
2020-05-21T07:21:43.148942: msg[dxd3xdy]:'Redditor' object has no attribute 'id'
2020-05-21T07:24:29.932005: msg[ev1qhu5]:'Redditor' object has no attribute 'id'
2020-05-21T07:24:34.958517: msg[ellf9zq]:'Redditor' object has no attribute 'id'
2020-05-21T07:26:52.878271: msg[erk93tb]:'Redditor' object has no attribute 'id'
2020-05-21T07:27:40.705994: msg[du9xuyo]:'Redditor' object has no attribute 'id'
2020-05-21T07:28:39.094441: msg[cy5vd7y]:'Redditor' object has no attribute 'id'
2020-05-21T07:33:32.655317: msg[dkm9kv7]:'Redditor' object has no attribute 'id'
2020-05-21T07:33:47.975535: msg[d5ale1p]:'Redditor' object has no attribute 'id'
2020-05-21T07:34:06.798092: msg[d8xhh2y]:'Redditor' object has no attribute 'id'
2020-05-21T07:35:01.826238: msg[e5zr7ze]:'Redditor' object has no attribute 'id'
2020-05-21T07:38:31.746047: msg[f3fpfi7]:'Redditor' object has no attribute 'id'
2020-05-21T07:39:22.952831: msg[e76gnut]:'Redditor' object has no attribute 'id'
2020-05-21T07:41:36.110866: msg[eatfod0]:'Redditor' object has no attribute 'id'
2020-05-21T07:42:35.773302: msg[dsn911t]:'Redditor' object has no attribute 'id'
2020-05-21T07:43:43.729839: msg[dj7rfk9]:'Redditor' object has no attribute 'id'
2020-05-21T07:44:27.877803: msg[f3t771l]:'Redditor' object has no attribute 'id'
2020-05-21T07:44:36.125423: msg[e81z59r]:'Redditor' object has no attribute 'id'
2020-05-21T07:44:37.873539: msg[e81lneq]:'Redditor' object has no attribute 'id'
2020-05-21T07:48:00.933116: msg[ewz9079]:'Redditor' object has no attribute 'id'
2020-05-21T07:51:21.042760: msg[eggt50c]:'Redditor' object has no attribute 'id'
2020-05-21T07:51:40.021276: msg[eggtqme]:'Redditor' object has no attribute 'id'
2020-05-21T07:56:21.949346: msg[ehc2uii]:'Redditor' object has no attribute 'id'
2020-05-21T07:59:30.890475: msg[e26y187]:'Redditor' object has no attribute 'id'
2020-05-21T08:00:16.693339: msg[egl7bcj]:'Redditor' object has no attribute 'id'
2020-05-21T08:04:13.781865: msg[eokmjws]:'Redditor' object has no attribute 'id'
2020-05-21T08:06:07.916842: msg[f353916]:'Redditor' object has no attribute 'id'
2020-05-21T08:06:41.833419: msg[e0sr2qy]:'Redditor' object has no attribute 'id'
2020-05-21T08:06:51.998643: msg[e6k93mz]:'Redditor' object has no attribute 'id'
2020-05-21T08:10:04.770189: msg[ey39k8z]:'Redditor' object has no attribute 'id'
2020-05-21T08:10:24.039045: msg[e22neep]:'Redditor' object has no attribute 'id'
2020-05-21T08:10:58.953258: msg[fl5o1k5]:'Redditor' object has no attribute 'id'
2020-05-21T08:12:17.253928: msg[e71cuc0]:'Redditor' object has no attribute 'id'
2020-05-21T08:12:19.666930: msg[e71daxs]:'Redditor' object has no attribute 'id'
2020-05-21T08:14:49.723967: msg[drvtzfg]:'Redditor' object has no attribute 'id'
2020-05-21T08:15:46.074855: msg[f28x937]:'Redditor' object has no attribute 'id'
2020-05-21T08:16:31.115196: msg[eytbjc8]:'Redditor' object has no attribute 'id'
2020-05-21T08:18:19.183653: msg[ej9nitd]:'Redditor' object has no attribute 'id'
2020-05-21T08:18:31.804831: msg[ejcdjp8]:'Redditor' object has no attribute 'id'
2020-05-21T08:19:31.904235: msg[dotvw34]:'Redditor' object has no attribute 'id'
2020-05-21T08:23:03.039264: msg[fbioljb]:'Redditor' object has no attribute 'id'
2020-05-21T08:23:41.819461: msg[f4e0lmj]:'Redditor' object has no attribute 'id'
2020-05-21T08:24:02.732546: msg[ebg79st]:'Redditor' object has no attribute 'id'
2020-05-21T08:24:03.843433: msg[ebh1vxq]:'Redditor' object has no attribute 'id'
2020-05-21T08:24:20.739487: msg[e4e0t21]:'Redditor' object has no attribute 'id'
2020-05-21T08:26:09.764832: msg[eb2n2w5]:'Redditor' object has no attribute 'id'
2020-05-21T08:26:12.002552: msg[eb2ofnf]:'Redditor' object has no attribute 'id'
2020-05-21T08:26:42.882192: msg[f90d5w9]:'Redditor' object has no attribute 'id'
2020-05-21T08:27:32.939006: msg[e7vrxrg]:'Redditor' object has no attribute 'id'
2020-05-21T08:29:50.891964: msg[e9fl109]:'Redditor' object has no attribute 'id'
2020-05-21T08:30:47.086304: msg[f8e9lr6]:'Redditor' object has no attribute 'id'
2020-05-21T08:32:01.156031: msg[ezg4o9x]:'Redditor' object has no attribute 'id'
2020-05-21T08:35:01.914098: msg[e5mlyor]:'Redditor' object has no attribute 'id'
2020-05-21T08:36:22.078321: msg[fg7c2ff]:'Redditor' object has no attribute 'id'
2020-05-21T08:40:01.199077: msg[e3nvk9p]:'Redditor' object has no attribute 'id'
2020-05-21T08:40:06.875752: msg[dd2j7ut]:'Redditor' object has no attribute 'id'
2020-05-21T08:40:33.818296: msg[d4zrrd8]:'Redditor' object has no attribute 'id'
2020-05-21T08:41:43.023514: msg[dpwh5ey]:'Redditor' object has no attribute 'id'
2020-05-21T08:41:50.694558: msg[dlz063x]:'Redditor' object has no attribute 'id'
2020-05-21T08:42:58.970657: msg[ers3f5o]:'Redditor' object has no attribute 'id'
2020-05-21T08:43:59.990178: msg[ddo2zdq]:'Redditor' object has no attribute 'id'
2020-05-21T08:44:07.173746: msg[d28mid1]:'Redditor' object has no attribute 'id'
2020-05-21T08:47:52.813346: msg[fkf2l22]:'Redditor' object has no attribute 'id'
2020-05-21T08:47:57.002741: msg[fkg5952]:'Redditor' object has no attribute 'id'
2020-05-21T08:49:16.677872: msg[e9gajdy]:'Redditor' object has no attribute 'id'
2020-05-21T08:49:57.251134: msg[dpdmku9]:'Redditor' object has no attribute 'id'
2020-05-21T08:50:14.872383: msg[dkr3iwe]:'Redditor' object has no attribute 'id'
2020-05-21T08:50:31.764678: msg[cvne59v]:'Redditor' object has no attribute 'id'
2020-05-21T08:52:24.909024: msg[e2e21pu]:'Redditor' object has no attribute 'id'
2020-05-21T08:52:34.946126: msg[ducolpq]:'Redditor' object has no attribute 'id'
2020-05-21T08:53:14.896208: msg[fg2ug9l]:'Redditor' object has no attribute 'id'
2020-05-21T08:54:10.110480: msg[fewy1xy]:'Redditor' object has no attribute 'id'
2020-05-21T08:55:20.990068: msg[ee563uv]:'Redditor' object has no attribute 'id'
2020-05-21T08:55:50.004761: msg[e636tw2]:'Redditor' object has no attribute 'id'
2020-05-21T08:55:56.947482: msg[eaaxs94]:'Redditor' object has no attribute 'id'
2020-05-21T08:57:47.743163: msg[e8b55zl]:'Redditor' object has no attribute 'id'
2020-05-21T08:59:03.680837: msg[elhbrjx]:'Redditor' object has no attribute 'id'
2020-05-21T09:00:01.355762: msg[dd7u30e]:'Redditor' object has no attribute 'id'
2020-05-21T09:06:22.071010: msg[ec7vh38]:'Redditor' object has no attribute 'id'
2020-05-21T09:06:23.805172: msg[eca1ivd]:'Redditor' object has no attribute 'id'
2020-05-21T09:06:29.901743: msg[dpgnc79]:'Redditor' object has no attribute 'id'
2020-05-21T09:10:51.012673: msg[e7c3civ]:'Redditor' object has no attribute 'id'
2020-05-21T09:16:19.883308: msg[fb09c8y]:'Redditor' object has no attribute 'id'
2020-05-21T09:18:23.112064: msg[evyo68v]:'Redditor' object has no attribute 'id'
2020-05-21T09:19:40.134941: msg[dfuavfi]:'Redditor' object has no attribute 'id'
2020-05-21T09:19:49.710977: msg[dfvbwqm]:'Redditor' object has no attribute 'id'
2020-05-21T09:21:29.067955: msg[epy78fv]:'Redditor' object has no attribute 'id'
2020-05-21T09:21:52.113530: msg[epxb0nr]:'Redditor' object has no attribute 'id'
2020-05-21T09:22:15.781528: msg[eptk61d]:'Redditor' object has no attribute 'id'
2020-05-21T09:23:34.777710: msg[ei8be8t]:'Redditor' object has no attribute 'id'
2020-05-21T09:24:04.005008: msg[e9ker3u]:'Redditor' object has no attribute 'id'
2020-05-21T09:24:38.754644: msg[e91d0hi]:'Redditor' object has no attribute 'id'
2020-05-21T09:26:42.580155: msg[eqq8s6g]:'Redditor' object has no attribute 'id'
2020-05-21T09:28:07.963519: msg[ect5hbx]:'Redditor' object has no attribute 'id'
2020-05-21T09:28:43.124770: msg[dlvgtig]:'Redditor' object has no attribute 'id'
2020-05-21T09:30:02.012125: msg[erzja1o]:'Redditor' object has no attribute 'id'
2020-05-21T09:31:52.752175: msg[fipeqr4]:'Redditor' object has no attribute 'id'
2020-05-21T09:32:15.211650: msg[f0uupef]:'Redditor' object has no attribute 'id'
2020-05-21T09:39:17.826661: msg[dkr33va]:'Redditor' object has no attribute 'id'
2020-05-21T09:40:18.079548: msg[dzfbz2j]:'Redditor' object has no attribute 'id'
2020-05-21T09:40:29.076250: msg[dvkillb]:'Redditor' object has no attribute 'id'
2020-05-21T09:41:50.858225: msg[eff9pkk]:'Redditor' object has no attribute 'id'
2020-05-21T09:42:18.959365: msg[e7xt3ge]:'Redditor' object has no attribute 'id'
2020-05-21T09:45:14.816976: msg[flzhlkd]:'Redditor' object has no attribute 'id'
2020-05-21T09:46:54.043175: msg[dvprg2t]:'Redditor' object has no attribute 'id'
2020-05-21T09:46:55.847677: msg[dvqb15p]:'Redditor' object has no attribute 'id'
2020-05-21T09:47:04.830572: msg[cuytdd5]:'Redditor' object has no attribute 'id'
2020-05-21T09:47:22.763721: msg[ej4hpjm]:'Redditor' object has no attribute 'id'
2020-05-21T09:48:06.841690: msg[e11jw6h]:'Redditor' object has no attribute 'id'
2020-05-21T09:52:18.886431: msg[e3txs20]:'Redditor' object has no attribute 'id'
2020-05-21T09:57:52.968037: msg[dy49lbx]:'Redditor' object has no attribute 'id'
2020-05-21T09:58:38.160754: msg[fb8kviz]:'Redditor' object has no attribute 'id'
2020-05-21T09:59:27.867236: msg[ed2v26a]:'Redditor' object has no attribute 'id'
2020-05-21T10:00:33.012593: msg[e5gugdl]:'Redditor' object has no attribute 'id'
2020-05-21T10:00:48.918645: msg[e3q71tp]:'Redditor' object has no attribute 'id'
2020-05-21T10:00:59.755969: msg[dgrbjaz]:'Redditor' object has no attribute 'id'
2020-05-21T10:01:09.699416: msg[dcgwk66]:'Redditor' object has no attribute 'id'
2020-05-21T10:02:08.034301: msg[f7n8gx1]:'Redditor' object has no attribute 'id'
2020-05-21T10:02:12.067694: msg[f7nuss9]:'Redditor' object has no attribute 'id'
2020-05-21T10:02:16.949795: msg[f7oaduc]:'Redditor' object has no attribute 'id'
2020-05-21T10:03:48.029362: msg[em2fuyo]:'Redditor' object has no attribute 'id'
2020-05-21T10:03:53.962270: msg[e5ix7fu]:'Redditor' object has no attribute 'id'
2020-05-21T10:03:55.794140: msg[e5kenjz]:'Redditor' object has no attribute 'id'
2020-05-21T10:04:00.960706: msg[e5ix4wu]:'Redditor' object has no attribute 'id'
2020-05-21T10:04:02.100328: msg[e5ix8um]:'Redditor' object has no attribute 'id'
2020-05-21T10:06:47.845989: msg[e972tc8]:'Redditor' object has no attribute 'id'
2020-05-21T10:06:50.800644: msg[e9712pn]:'Redditor' object has no attribute 'id'
2020-05-21T10:06:58.126683: msg[e3aqulc]:'Redditor' object has no attribute 'id'
2020-05-21T10:07:53.118172: msg[d3i9hpl]:'Redditor' object has no attribute 'id'
2020-05-21T10:14:13.989011: msg[f549d97]:'Redditor' object has no attribute 'id'
2020-05-21T10:14:22.803233: msg[f7cxfna]:'Redditor' object has no attribute 'id'
2020-05-21T10:16:52.136207: msg[e192y2j]:'Redditor' object has no attribute 'id'
2020-05-21T10:17:39.760336: msg[dgo8k17]:'Redditor' object has no attribute 'id'
2020-05-21T10:21:14.114452: msg[ejccr1q]:'Redditor' object has no attribute 'id'
2020-05-21T10:21:30.665322: msg[e9ibwx5]:'Redditor' object has no attribute 'id'
2020-05-21T10:21:47.010971: msg[e9jt9gu]:'Redditor' object has no attribute 'id'
2020-05-21T10:22:40.224085: msg[dvdedtm]:'Redditor' object has no attribute 'id'
2020-05-21T10:22:43.419902: msg[d3lxpay]:'Redditor' object has no attribute 'id'
2020-05-21T10:23:12.892500: msg[cx1z4p0]:'Redditor' object has no attribute 'id'
2020-05-21T10:24:49.873730: msg[eb1y83z]:'Redditor' object has no attribute 'id'
2020-05-21T10:24:59.835519: msg[e9dvy3j]:'Redditor' object has no attribute 'id'
2020-05-21T10:25:12.999711: msg[e9dqh0d]:'Redditor' object has no attribute 'id'
2020-05-21T10:26:02.835343: msg[dkw1zb8]:'Redditor' object has no attribute 'id'
2020-05-21T10:26:25.950299: msg[db38qq6]:'Redditor' object has no attribute 'id'
2020-05-21T10:32:13.912053: msg[en05401]:'Redditor' object has no attribute 'id'
2020-05-21T10:32:50.120699: msg[eizk72y]:'Redditor' object has no attribute 'id'
2020-05-21T10:35:06.682612: msg[f7ivap9]:'Redditor' object has no attribute 'id'
2020-05-21T10:36:05.394371: msg[en8w4q4]:'Redditor' object has no attribute 'id'
2020-05-21T10:36:06.712682: msg[en99awp]:'Redditor' object has no attribute 'id'
2020-05-21T10:37:01.689302: msg[e95yeij]:'Redditor' object has no attribute 'id'
2020-05-21T10:37:08.906491: msg[e95y7dc]:'Redditor' object has no attribute 'id'
2020-05-21T10:37:26.847012: msg[e3sl6ts]:'Redditor' object has no attribute 'id'
2020-05-21T10:39:10.139594: msg[f42xqcr]:'Redditor' object has no attribute 'id'
2020-05-21T10:40:22.871677: msg[etr1ktu]:'Redditor' object has no attribute 'id'
2020-05-21T10:40:25.785099: msg[etr5236]:'Redditor' object has no attribute 'id'
2020-05-21T10:40:31.099201: msg[etqnpqe]:'Redditor' object has no attribute 'id'
2020-05-21T10:41:06.714279: msg[eexy69g]:'Redditor' object has no attribute 'id'
2020-05-21T10:41:24.933646: msg[eb4g2qk]:'Redditor' object has no attribute 'id'
2020-05-21T10:46:17.313034: msg[ea6mztk]:'Redditor' object has no attribute 'id'
2020-05-21T10:46:42.976619: msg[e70lpex]:'Redditor' object has no attribute 'id'
2020-05-21T10:50:39.777134: msg[e6fkq1o]:'Redditor' object has no attribute 'id'
2020-05-21T10:50:43.843365: msg[e6g3d2b]:'Redditor' object has no attribute 'id'
2020-05-21T10:50:47.926474: msg[e6ga9i5]:'Redditor' object has no attribute 'id'
2020-05-21T10:53:50.191462: msg[emwqp6f]:'Redditor' object has no attribute 'id'
2020-05-21T10:54:41.677381: msg[eg1hyl3]:'Redditor' object has no attribute 'id'
2020-05-21T10:55:36.894647: msg[e6w8aur]:'Redditor' object has no attribute 'id'
2020-05-21T10:55:42.946259: msg[e6xmjti]:'Redditor' object has no attribute 'id'
2020-05-21T10:59:46.035375: msg[dx9ij0w]:'Redditor' object has no attribute 'id'
2020-05-21T10:59:46.725988: msg[dx9nkka]:'Redditor' object has no attribute 'id'
2020-05-21T10:59:58.782578: msg[cwkq253]:'Redditor' object has no attribute 'id'
2020-05-21T11:00:05.270896: msg[cvwt785]:'Redditor' object has no attribute 'id'
2020-05-21T11:02:52.829584: msg[ebiylbd]:'Redditor' object has no attribute 'id'
2020-05-21T11:03:03.971974: msg[ebj0gel]:'Redditor' object has no attribute 'id'
2020-05-21T11:13:00.689909: msg[evsqk7h]:'Redditor' object has no attribute 'id'
2020-05-21T11:13:39.862712: msg[e1kqe9y]:'Redditor' object has no attribute 'id'
2020-05-21T11:14:25.995624: msg[dl4ax7q]:'Redditor' object has no attribute 'id'
2020-05-21T11:14:45.119994: msg[fmvmimk]:'Redditor' object has no attribute 'id'
2020-05-21T11:17:38.998982: msg[efyfd1u]:'Redditor' object has no attribute 'id'
2020-05-21T11:18:42.738545: msg[eaovj0u]:'Redditor' object has no attribute 'id'
2020-05-21T11:18:45.664081: msg[eao6phl]:'Redditor' object has no attribute 'id'
2020-05-21T11:18:49.027144: msg[eaozy1r]:'Redditor' object has no attribute 'id'
2020-05-21T11:19:01.861776: msg[e993rnj]:'Redditor' object has no attribute 'id'
2020-05-21T11:19:10.882496: msg[e6c6g9i]:'Redditor' object has no attribute 'id'
2020-05-21T11:20:24.741948: msg[dx8ikfs]:'Redditor' object has no attribute 'id'
2020-05-21T11:21:54.881494: msg[djrzyy4]:'Redditor' object has no attribute 'id'
2020-05-21T11:24:50.263696: msg[ee93lv3]:'Redditor' object has no attribute 'id'
2020-05-21T11:26:29.944938: msg[d5paukf]:'Redditor' object has no attribute 'id'
2020-05-21T11:28:01.070597: msg[fbrz4pd]:'Redditor' object has no attribute 'id'
2020-05-21T11:30:37.046171: msg[e2geeiw]:'Redditor' object has no attribute 'id'
2020-05-21T11:31:10.129531: msg[dgoym42]:'Redditor' object has no attribute 'id'
2020-05-21T11:32:03.130127: msg[fj4o6t0]:'Redditor' object has no attribute 'id'
2020-05-21T11:34:00.034819: msg[ezbch5l]:'Redditor' object has no attribute 'id'
2020-05-21T11:34:43.773662: msg[epsbzec]:'Redditor' object has no attribute 'id'
2020-05-21T11:36:28.935347: msg[ebg86g5]:'Redditor' object has no attribute 'id'
2020-05-21T11:37:02.701706: msg[e848e14]:'Redditor' object has no attribute 'id'
2020-05-21T11:37:41.923452: msg[e6568xg]:'Redditor' object has no attribute 'id'
2020-05-21T11:38:38.752591: msg[dlijlwb]:'Redditor' object has no attribute 'id'
2020-05-21T11:38:40.994467: msg[dlizc6t]:'Redditor' object has no attribute 'id'
2020-05-21T11:40:50.052011: msg[eb9jf9z]:'Redditor' object has no attribute 'id'
2020-05-21T11:41:30.051214: msg[e8fr3mz]:'Redditor' object has no attribute 'id'
2020-05-21T11:42:36.878867: msg[duts2hx]:'Redditor' object has no attribute 'id'
2020-05-21T11:43:15.872719: msg[da58hre]:'Redditor' object has no attribute 'id'
2020-05-21T11:43:37.067285: msg[fhpnxi5]:'Redditor' object has no attribute 'id'
2020-05-21T11:45:26.920869: msg[e9nixst]:'Redditor' object has no attribute 'id'
2020-05-21T11:45:35.029871: msg[e6t4a80]:'Redditor' object has no attribute 'id'
2020-05-21T11:45:42.952249: msg[e6t3oiv]:'Redditor' object has no attribute 'id'
2020-05-21T11:46:07.034445: msg[e6houvl]:'Redditor' object has no attribute 'id'
2020-05-21T11:46:32.924199: msg[e46visw]:'Redditor' object has no attribute 'id'
2020-05-21T11:46:57.069141: msg[e355v41]:'Redditor' object has no attribute 'id'
2020-05-21T11:47:17.871416: msg[e2yzrke]:'Redditor' object has no attribute 'id'
2020-05-21T11:47:42.935699: msg[dps64b3]:'Redditor' object has no attribute 'id'
2020-05-21T11:48:53.007089: msg[cr2lnla]:'Redditor' object has no attribute 'id'
2020-05-21T11:50:22.244290: msg[fb3pkem]:'Redditor' object has no attribute 'id'
2020-05-21T11:52:59.888090: msg[eimxkr5]:'Redditor' object has no attribute 'id'
2020-05-21T11:53:08.116295: msg[eawe4ao]:'Redditor' object has no attribute 'id'
2020-05-21T11:53:24.956395: msg[e6ywjkq]:'Redditor' object has no attribute 'id'
2020-05-21T11:53:58.846676: msg[dvzahv5]:'Redditor' object has no attribute 'id'
2020-05-21T11:56:43.123751: msg[eejqzgl]:'Redditor' object has no attribute 'id'
2020-05-21T11:57:13.192699: msg[ebxqcuj]:'Redditor' object has no attribute 'id'
2020-05-21T11:57:15.068601: msg[ec0ax6u]:'Redditor' object has no attribute 'id'
2020-05-21T11:57:20.055853: msg[ebawbvx]:'Redditor' object has no attribute 'id'
2020-05-21T11:57:36.104708: msg[ebbiwja]:'Redditor' object has no attribute 'id'
2020-05-21T11:57:41.762011: msg[e6ikid3]:'Redditor' object has no attribute 'id'
2020-05-21T11:59:08.704460: msg[f274dlg]:'Redditor' object has no attribute 'id'
2020-05-21T12:00:01.320575: msg[eoe454f]:'Redditor' object has no attribute 'id'
2020-05-21T12:00:04.041827: msg[ed4uyrr]:'Redditor' object has no attribute 'id'
2020-05-21T12:00:09.184255: msg[e1pfchc]:'Redditor' object has no attribute 'id'
2020-05-21T12:00:31.249571: msg[dwnxexp]:'Redditor' object has no attribute 'id'
2020-05-21T12:00:36.755688: msg[dwp8tdp]:'Redditor' object has no attribute 'id'
2020-05-21T12:00:56.083842: msg[dv48ozt]:'Redditor' object has no attribute 'id'
2020-05-21T12:01:16.848193: msg[dhdyxya]:'Redditor' object has no attribute 'id'
2020-05-21T12:01:36.008470: msg[de7kevr]:'Redditor' object has no attribute 'id'
2020-05-21T12:01:57.898762: msg[de8d2ay]:'Redditor' object has no attribute 'id'
2020-05-21T12:02:18.160018: msg[d3yizly]:'Redditor' object has no attribute 'id'
2020-05-21T12:04:11.662548: msg[ee6ifef]:'Redditor' object has no attribute 'id'
2020-05-21T12:04:33.705792: msg[e5btcj1]:'Redditor' object has no attribute 'id'
2020-05-21T12:04:34.816961: msg[e5btgbz]:'Redditor' object has no attribute 'id'
2020-05-21T12:04:42.725563: msg[e4i2x3l]:'Redditor' object has no attribute 'id'
2020-05-21T12:05:02.786741: msg[e1iyqec]:'Redditor' object has no attribute 'id'
2020-05-21T12:08:18.768581: msg[f5w2n0y]:'Redditor' object has no attribute 'id'
2020-05-21T12:08:38.788202: msg[f26rgrl]:'Redditor' object has no attribute 'id'
2020-05-21T12:08:58.923206: msg[ezxsfzq]:'Redditor' object has no attribute 'id'
2020-05-21T12:10:16.015115: msg[elj9jrx]:'Redditor' object has no attribute 'id'
2020-05-21T12:11:04.073806: msg[e4gb8oh]:'Redditor' object has no attribute 'id'
2020-05-21T12:11:23.753095: msg[e4gwy3k]:'Redditor' object has no attribute 'id'
2020-05-21T12:11:24.879177: msg[e4gic1u]:'Redditor' object has no attribute 'id'
2020-05-21T12:11:31.149474: msg[e16h27g]:'Redditor' object has no attribute 'id'
2020-05-21T12:11:51.861267: msg[e173pxs]:'Redditor' object has no attribute 'id'
2020-05-21T12:12:01.973924: msg[e17mqti]:'Redditor' object has no attribute 'id'
2020-05-21T12:16:18.129718: msg[egzgp6n]:'Redditor' object has no attribute 'id'
2020-05-21T12:17:03.086474: msg[e4zm65i]:'Redditor' object has no attribute 'id'
2020-05-21T12:17:28.650113: msg[dpxolqk]:'Redditor' object has no attribute 'id'
2020-05-21T12:17:31.996458: msg[dpxslt2]:'Redditor' object has no attribute 'id'
2020-05-21T12:17:39.912928: msg[dpm8lvs]:'Redditor' object has no attribute 'id'
2020-05-21T12:18:00.846109: msg[d8do6pb]:'Redditor' object has no attribute 'id'
2020-05-21T12:18:25.140432: msg[cn0ol5r]:'Redditor' object has no attribute 'id'
2020-05-21T12:20:45.946431: msg[f9t1seq]:'Redditor' object has no attribute 'id'
2020-05-21T12:20:51.794108: msg[f9t1rsj]:'Redditor' object has no attribute 'id'
2020-05-21T12:20:53.021908: msg[f9t1qn5]:'Redditor' object has no attribute 'id'
2020-05-21T12:23:26.037499: msg[dyu586s]:'Redditor' object has no attribute 'id'
2020-05-21T12:24:13.831605: msg[dmrfpx4]:'Redditor' object has no attribute 'id'
2020-05-21T12:24:23.910526: msg[dmrqyhm]:'Redditor' object has no attribute 'id'
2020-05-21T12:24:33.056423: msg[dk3txmj]:'Redditor' object has no attribute 'id'
2020-05-21T12:24:40.651530: msg[djr6m4m]:'Redditor' object has no attribute 'id'
2020-05-21T12:26:22.929326: msg[euqyw15]:'Redditor' object has no attribute 'id'
2020-05-21T12:28:17.751942: msg[edm2gck]:'Redditor' object has no attribute 'id'
2020-05-21T12:29:18.835682: msg[e4xgss7]:'Redditor' object has no attribute 'id'
2020-05-21T12:29:26.762965: msg[e3lypmw]:'Redditor' object has no attribute 'id'
2020-05-21T12:29:29.030985: msg[e3lcqm9]:'Redditor' object has no attribute 'id'
2020-05-21T12:29:45.892263: msg[drmwdiy]:'Redditor' object has no attribute 'id'
2020-05-21T12:30:10.157428: msg[do4qxwi]:'Redditor' object has no attribute 'id'
2020-05-21T12:30:13.848919: msg[do4qf6d]:'Redditor' object has no attribute 'id'
2020-05-21T12:33:47.866710: msg[eiw946y]:'Redditor' object has no attribute 'id'
2020-05-21T12:34:04.760942: msg[egyyjrt]:'Redditor' object has no attribute 'id'
2020-05-21T12:35:16.069608: msg[e9oward]:'Redditor' object has no attribute 'id'
2020-05-21T12:35:25.978679: msg[e80ctaf]:'Redditor' object has no attribute 'id'
2020-05-21T12:36:12.991329: msg[dvha5bl]:'Redditor' object has no attribute 'id'
2020-05-21T12:36:55.856877: msg[deo9as2]:'Redditor' object has no attribute 'id'
2020-05-21T12:37:33.735868: msg[d7vnop1]:'Redditor' object has no attribute 'id'
2020-05-21T12:38:17.219171: msg[erhdctc]:'Redditor' object has no attribute 'id'
2020-05-21T12:38:46.057874: msg[em8ybai]:'Redditor' object has no attribute 'id'
2020-05-21T12:38:56.105549: msg[em8blc9]:'Redditor' object has no attribute 'id'
2020-05-21T12:39:23.828378: msg[eeqptcj]:'Redditor' object has no attribute 'id'
2020-05-21T12:39:49.011604: msg[di5ohkq]:'Redditor' object has no attribute 'id'
2020-05-21T12:39:50.213541: msg[di68nh6]:'Redditor' object has no attribute 'id'
2020-05-21T12:39:58.865100: msg[def7jur]:'Redditor' object has no attribute 'id'
